[ 2014-09-14T20:23:01+08:00 ] ERR: (ThinkException) 非法操作css
[ 2014-09-14T20:23:01+08:00 ] ERR: (ThinkException) 非法操作favicon.ico
[ 2014-09-14T20:23:01+08:00 ] ERR: (ThinkException) 非法操作favicon.ico
[ 2014-09-14T20:23:13+08:00 ] ERR: (ThinkException) 非法操作js
[ 2014-09-14T20:23:16+08:00 ] ERR: (ThinkException) 无法加载模块inc
[ 2014-09-14T20:23:16+08:00 ] ERR: (ThinkException) 无法加载模块
[ 2014-09-14T20:23:16+08:00 ] ERR: (ThinkException) 无法加载模块inc
[ 2014-09-14T20:23:16+08:00 ] ERR: (ThinkException) 无法加载模块inc
[ 2014-09-14T20:23:16+08:00 ] ERR: (ThinkException) 非法操作js
[ 2014-09-14T20:23:16+08:00 ] ERR: (ThinkException) 非法操作js
[ 2014-09-14T20:23:16+08:00 ] ERR: (ThinkException) 非法操作js
[ 2014-09-14T20:23:16+08:00 ] ERR: (ThinkException) 非法操作js
[ 2014-09-14T20:23:16+08:00 ] ERR: (ThinkException) 无法加载模块
[ 2014-09-14T20:24:04+08:00 ] ERR: (ThinkException) 无法加载模块inc
[ 2014-09-14T20:24:04+08:00 ] ERR: (ThinkException) 无法加载模块inc
[ 2014-09-14T20:24:54+08:00 ] ERR: (ThinkException) 无法加载模块inc
[ 2014-09-14T20:24:54+08:00 ] ERR: (ThinkException) 无法加载模块inc
[ 2014-09-14T20:25:44+08:00 ] ERR: (ThinkException) 无法加载模块inc
[ 2014-09-14T20:25:44+08:00 ] ERR: (ThinkException) 无法加载模块inc
[ 2014-09-14T20:26:34+08:00 ] ERR: (ThinkException) 无法加载模块inc
[ 2014-09-14T20:26:34+08:00 ] ERR: (ThinkException) 无法加载模块inc
[ 2014-09-14T20:27:24+08:00 ] ERR: (ThinkException) 无法加载模块inc
[ 2014-09-14T20:27:24+08:00 ] ERR: (ThinkException) 无法加载模块inc
[ 2014-09-14T20:28:14+08:00 ] ERR: (ThinkException) 无法加载模块inc
[ 2014-09-14T20:28:14+08:00 ] ERR: (ThinkException) 无法加载模块inc
[ 2014-09-14T20:29:04+08:00 ] ERR: (ThinkException) 无法加载模块inc
[ 2014-09-14T20:29:04+08:00 ] ERR: (ThinkException) 无法加载模块inc
[ 2014-09-14T20:29:54+08:00 ] ERR: (ThinkException) 无法加载模块inc
[ 2014-09-14T20:29:54+08:00 ] ERR: (ThinkException) 无法加载模块inc
[ 2014-09-14T20:30:44+08:00 ] ERR: (ThinkException) 无法加载模块inc
[ 2014-09-14T20:30:44+08:00 ] ERR: (ThinkException) 无法加载模块inc
[ 2014-09-14T20:31:34+08:00 ] ERR: (ThinkException) 无法加载模块inc
[ 2014-09-14T20:31:34+08:00 ] ERR: (ThinkException) 无法加载模块inc
[ 2014-09-14T20:32:24+08:00 ] ERR: (ThinkException) 无法加载模块inc
[ 2014-09-14T20:32:24+08:00 ] ERR: (ThinkException) 无法加载模块inc
[ 2014-09-14T20:32:58+08:00 ] ERR: (ThinkException) 非法操作js
[ 2014-09-14T20:33:03+08:00 ] ERR: (ThinkException) 非法操作js
[ 2014-09-14T20:33:03+08:00 ] ERR: (ThinkException) 非法操作js
[ 2014-09-14T20:33:03+08:00 ] ERR: (ThinkException) 非法操作js
[ 2014-09-14T20:33:03+08:00 ] ERR: (ThinkException) 非法操作js
[ 2014-09-14T20:33:11+08:00 ] ERR: (ThinkException) 非法操作js
[ 2014-09-14T20:33:11+08:00 ] ERR: (ThinkException) 非法操作js
[ 2014-09-14T20:33:11+08:00 ] ERR: (ThinkException) 非法操作js
[ 2014-09-14T20:33:11+08:00 ] ERR: (ThinkException) 非法操作js
[ 2014-09-14T20:33:14+08:00 ] ERR: (ThinkException) 无法加载模块inc
[ 2014-09-14T20:33:14+08:00 ] ERR: (ThinkException) 无法加载模块inc
[ 2014-09-14T20:33:14+08:00 ] ERR: (ThinkException) 无法加载模块inc
[ 2014-09-14T20:34:04+08:00 ] ERR: (ThinkException) 无法加载模块inc
[ 2014-09-14T20:34:04+08:00 ] ERR: (ThinkException) 无法加载模块inc
[ 2014-09-14T20:34:13+08:00 ] ERR: (ThinkException) 非法操作js
[ 2014-09-14T20:34:16+08:00 ] ERR: (ThinkException) 非法操作js
[ 2014-09-14T20:34:16+08:00 ] ERR: (ThinkException) 非法操作js
[ 2014-09-14T20:34:16+08:00 ] ERR: (ThinkException) 非法操作js
[ 2014-09-14T20:34:16+08:00 ] ERR: (ThinkException) 非法操作js
[ 2014-09-14T20:34:54+08:00 ] ERR: (ThinkException) 无法加载模块inc
[ 2014-09-14T20:34:54+08:00 ] ERR: (ThinkException) 无法加载模块inc
[ 2014-09-14T20:35:44+08:00 ] ERR: (ThinkException) 无法加载模块inc
[ 2014-09-14T20:35:44+08:00 ] ERR: (ThinkException) 无法加载模块inc
[ 2014-09-14T20:36:34+08:00 ] ERR: (ThinkException) 无法加载模块inc
[ 2014-09-14T20:36:34+08:00 ] ERR: (ThinkException) 无法加载模块inc
[ 2014-09-14T20:37:24+08:00 ] ERR: (ThinkException) 无法加载模块inc
[ 2014-09-14T20:37:24+08:00 ] ERR: (ThinkException) 无法加载模块inc
[ 2014-09-14T20:38:14+08:00 ] ERR: (ThinkException) 无法加载模块inc
[ 2014-09-14T20:38:14+08:00 ] ERR: (ThinkException) 无法加载模块inc
[ 2014-09-14T20:38:51+08:00 ] ERR: (ThinkException) 非法操作js
[ 2014-09-14T20:39:04+08:00 ] ERR: (ThinkException) 无法加载模块inc
[ 2014-09-14T20:39:04+08:00 ] ERR: (ThinkException) 无法加载模块inc
[ 2014-09-14T20:39:09+08:00 ] ERR: (ThinkException) 非法操作js
[ 2014-09-14T20:39:09+08:00 ] ERR: (ThinkException) 非法操作js
[ 2014-09-14T20:39:09+08:00 ] ERR: (ThinkException) 非法操作js
[ 2014-09-14T20:39:09+08:00 ] ERR: (ThinkException) 非法操作js
[ 2014-09-14T20:39:12+08:00 ] ERR: (ThinkException) 非法操作js
[ 2014-09-14T20:39:47+08:00 ] ERR: (ThinkException) 非法操作js
[ 2014-09-14T20:39:47+08:00 ] ERR: (ThinkException) 非法操作js
[ 2014-09-14T20:39:47+08:00 ] ERR: (ThinkException) 非法操作js
[ 2014-09-14T20:39:47+08:00 ] ERR: (ThinkException) 非法操作js
[ 2014-09-14T20:39:54+08:00 ] ERR: (ThinkException) 无法加载模块inc
[ 2014-09-14T20:39:54+08:00 ] ERR: (ThinkException) 无法加载模块inc
[ 2014-09-14T20:39:59+08:00 ] ERR: (ThinkException) 非法操作js
[ 2014-09-14T20:40:37+08:00 ] ERR: (ThinkException) 非法操作js
[ 2014-09-14T20:40:37+08:00 ] ERR: (ThinkException) 非法操作js
[ 2014-09-14T20:40:37+08:00 ] ERR: (ThinkException) 非法操作js
[ 2014-09-14T20:40:37+08:00 ] ERR: (ThinkException) 非法操作js
[ 2014-09-14T20:40:39+08:00 ] ERR: (ThinkException) 非法操作js
[ 2014-09-14T20:40:44+08:00 ] ERR: (ThinkException) 无法加载模块inc
[ 2014-09-14T20:40:44+08:00 ] ERR: (ThinkException) 无法加载模块inc
[ 2014-09-14T20:40:56+08:00 ] ERR: (ThinkException) 非法操作js
[ 2014-09-14T20:40:56+08:00 ] ERR: (ThinkException) 非法操作js
[ 2014-09-14T20:40:56+08:00 ] ERR: (ThinkException) 非法操作js
[ 2014-09-14T20:40:56+08:00 ] ERR: (ThinkException) 非法操作js
[ 2014-09-14T20:40:59+08:00 ] ERR: (ThinkException) 非法操作js
[ 2014-09-14T20:41:18+08:00 ] ERR: (ThinkException) 非法操作js
[ 2014-09-14T20:41:18+08:00 ] ERR: (ThinkException) 非法操作js
[ 2014-09-14T20:41:18+08:00 ] ERR: (ThinkException) 非法操作js
[ 2014-09-14T20:41:18+08:00 ] ERR: (ThinkException) 非法操作js
[ 2014-09-14T20:41:34+08:00 ] ERR: (ThinkException) 无法加载模块inc
[ 2014-09-14T20:41:34+08:00 ] ERR: (ThinkException) 无法加载模块inc
[ 2014-09-14T20:41:39+08:00 ] ERR: (ThinkException) 非法操作js
[ 2014-09-14T20:41:48+08:00 ] ERR: (ThinkException) 非法操作js
[ 2014-09-14T20:41:48+08:00 ] ERR: (ThinkException) 非法操作js
[ 2014-09-14T20:41:48+08:00 ] ERR: (ThinkException) 非法操作js
[ 2014-09-14T20:41:48+08:00 ] ERR: (ThinkException) 非法操作js
[ 2014-09-14T20:41:52+08:00 ] ERR: (ThinkException) 非法操作js
[ 2014-09-14T20:41:52+08:00 ] ERR: (ThinkException) 非法操作js
[ 2014-09-14T20:41:52+08:00 ] ERR: (ThinkException) 非法操作js
[ 2014-09-14T20:41:52+08:00 ] ERR: (ThinkException) 非法操作js
[ 2014-09-14T20:41:59+08:00 ] ERR: (ThinkException) 非法操作js
[ 2014-09-14T20:42:06+08:00 ] ERR: (ThinkException) 非法操作js
[ 2014-09-14T20:42:06+08:00 ] ERR: (ThinkException) 非法操作js
[ 2014-09-14T20:42:06+08:00 ] ERR: (ThinkException) 非法操作js
[ 2014-09-14T20:42:06+08:00 ] ERR: (ThinkException) 非法操作js
[ 2014-09-14T20:42:18+08:00 ] ERR: (ThinkException) 非法操作js
[ 2014-09-14T20:42:18+08:00 ] ERR: (ThinkException) 非法操作js
[ 2014-09-14T20:42:18+08:00 ] ERR: (ThinkException) 非法操作js
[ 2014-09-14T20:42:18+08:00 ] ERR: (ThinkException) 非法操作js
[ 2014-09-14T20:42:24+08:00 ] ERR: (ThinkException) 无法加载模块inc
[ 2014-09-14T20:42:24+08:00 ] ERR: (ThinkException) 无法加载模块inc
[ 2014-09-14T20:42:30+08:00 ] ERR: (ThinkException) 非法操作js
[ 2014-09-14T20:42:30+08:00 ] ERR: (ThinkException) 非法操作js
[ 2014-09-14T20:42:30+08:00 ] ERR: (ThinkException) 非法操作js
[ 2014-09-14T20:42:30+08:00 ] ERR: (ThinkException) 非法操作js
[ 2014-09-14T20:42:34+08:00 ] ERR: (ThinkException) 非法操作js
[ 2014-09-14T20:42:34+08:00 ] ERR: (ThinkException) 非法操作js
[ 2014-09-14T20:42:34+08:00 ] ERR: (ThinkException) 非法操作js
[ 2014-09-14T20:42:34+08:00 ] ERR: (ThinkException) 非法操作js
[ 2014-09-14T20:42:41+08:00 ] ERR: (ThinkException) 非法操作js
[ 2014-09-14T20:42:41+08:00 ] ERR: (ThinkException) 非法操作js
[ 2014-09-14T20:42:41+08:00 ] ERR: (ThinkException) 非法操作js
[ 2014-09-14T20:42:41+08:00 ] ERR: (ThinkException) 非法操作js
[ 2014-09-14T20:42:50+08:00 ] ERR: (ThinkException) 非法操作js
[ 2014-09-14T20:42:59+08:00 ] ERR: (ThinkException) 非法操作js
[ 2014-09-14T20:42:59+08:00 ] ERR: (ThinkException) 非法操作js
[ 2014-09-14T20:42:59+08:00 ] ERR: (ThinkException) 非法操作js
[ 2014-09-14T20:42:59+08:00 ] ERR: (ThinkException) 非法操作js
[ 2014-09-14T20:43:14+08:00 ] ERR: (ThinkException) 无法加载模块inc
[ 2014-09-14T20:43:14+08:00 ] ERR: (ThinkException) 无法加载模块inc
[ 2014-09-14T20:43:14+08:00 ] ERR: (ThinkException) 无法加载模块inc
[ 2014-09-14T20:43:27+08:00 ] ERR: (ThinkException) 非法操作js
[ 2014-09-14T20:43:27+08:00 ] ERR: (ThinkException) 非法操作js
[ 2014-09-14T20:43:27+08:00 ] ERR: (ThinkException) 非法操作js
[ 2014-09-14T20:43:27+08:00 ] ERR: (ThinkException) 非法操作js
[ 2014-09-14T20:43:30+08:00 ] ERR: (ThinkException) 非法操作js
[ 2014-09-14T20:43:32+08:00 ] ERR: (ThinkException) 非法操作js
[ 2014-09-14T20:43:32+08:00 ] ERR: (ThinkException) 非法操作js
[ 2014-09-14T20:43:32+08:00 ] ERR: (ThinkException) 非法操作js
[ 2014-09-14T20:43:32+08:00 ] ERR: (ThinkException) 非法操作js
[ 2014-09-14T20:43:38+08:00 ] ERR: (ThinkException) 非法操作js
[ 2014-09-14T20:43:38+08:00 ] ERR: (ThinkException) 非法操作js
[ 2014-09-14T20:43:38+08:00 ] ERR: (ThinkException) 非法操作js
[ 2014-09-14T20:43:38+08:00 ] ERR: (ThinkException) 非法操作js
[ 2014-09-14T20:43:41+08:00 ] ERR: (ThinkException) 非法操作js
[ 2014-09-14T20:43:41+08:00 ] ERR: (ThinkException) 非法操作js
[ 2014-09-14T20:43:41+08:00 ] ERR: (ThinkException) 非法操作js
[ 2014-09-14T20:43:41+08:00 ] ERR: (ThinkException) 非法操作js
[ 2014-09-14T20:43:47+08:00 ] ERR: (ThinkException) 非法操作js
[ 2014-09-14T20:43:47+08:00 ] ERR: (ThinkException) 非法操作js
[ 2014-09-14T20:43:47+08:00 ] ERR: (ThinkException) 非法操作js
[ 2014-09-14T20:43:47+08:00 ] ERR: (ThinkException) 非法操作js
[ 2014-09-14T20:43:57+08:00 ] ERR: (ThinkException) 非法操作js
[ 2014-09-14T20:44:04+08:00 ] ERR: (ThinkException) 无法加载模块inc
[ 2014-09-14T20:44:04+08:00 ] ERR: (ThinkException) 无法加载模块inc
[ 2014-09-14T20:44:08+08:00 ] ERR: (ThinkException) 非法操作js
[ 2014-09-14T20:44:08+08:00 ] ERR: (ThinkException) 非法操作js
[ 2014-09-14T20:44:08+08:00 ] ERR: (ThinkException) 非法操作js
[ 2014-09-14T20:44:08+08:00 ] ERR: (ThinkException) 非法操作js
[ 2014-09-14T20:44:13+08:00 ] ERR: (ThinkException) 非法操作js
[ 2014-09-14T20:44:30+08:00 ] ERR: (ThinkException) 非法操作js
[ 2014-09-14T20:44:30+08:00 ] ERR: (ThinkException) 非法操作js
[ 2014-09-14T20:44:31+08:00 ] ERR: (ThinkException) 非法操作js
[ 2014-09-14T20:44:31+08:00 ] ERR: (ThinkException) 非法操作js
[ 2014-09-14T20:44:36+08:00 ] ERR: (ThinkException) 非法操作js
[ 2014-09-14T20:44:45+08:00 ] ERR: (ThinkException) 非法操作js
[ 2014-09-14T20:44:45+08:00 ] ERR: (ThinkException) 非法操作js
[ 2014-09-14T20:44:45+08:00 ] ERR: (ThinkException) 非法操作js
[ 2014-09-14T20:44:45+08:00 ] ERR: (ThinkException) 非法操作js
[ 2014-09-14T20:44:50+08:00 ] ERR: (ThinkException) 非法操作js
[ 2014-09-14T20:44:54+08:00 ] ERR: (ThinkException) 无法加载模块inc
[ 2014-09-14T20:44:54+08:00 ] ERR: (ThinkException) 无法加载模块inc
[ 2014-09-14T20:45:01+08:00 ] ERR: (ThinkException) 非法操作js
[ 2014-09-14T20:45:01+08:00 ] ERR: (ThinkException) 非法操作js
[ 2014-09-14T20:45:01+08:00 ] ERR: (ThinkException) 非法操作js
[ 2014-09-14T20:45:01+08:00 ] ERR: (ThinkException) 非法操作js
[ 2014-09-14T20:45:07+08:00 ] ERR: (ThinkException) 非法操作js
[ 2014-09-14T20:45:42+08:00 ] ERR: (ThinkException) 非法操作js
[ 2014-09-14T20:45:42+08:00 ] ERR: (ThinkException) 非法操作js
[ 2014-09-14T20:45:42+08:00 ] ERR: (ThinkException) 非法操作js
[ 2014-09-14T20:45:42+08:00 ] ERR: (ThinkException) 非法操作js
[ 2014-09-14T20:45:44+08:00 ] ERR: (ThinkException) 无法加载模块inc
[ 2014-09-14T20:45:44+08:00 ] ERR: (ThinkException) 无法加载模块inc
[ 2014-09-14T20:46:05+08:00 ] ERR: (ThinkException) 非法操作js
[ 2014-09-14T20:46:05+08:00 ] ERR: (ThinkException) 非法操作js
[ 2014-09-14T20:46:05+08:00 ] ERR: (ThinkException) 非法操作js
[ 2014-09-14T20:46:05+08:00 ] ERR: (ThinkException) 非法操作js
[ 2014-09-14T20:46:26+08:00 ] ERR: (ThinkException) 非法操作js
[ 2014-09-14T20:46:34+08:00 ] ERR: (ThinkException) 无法加载模块inc
[ 2014-09-14T20:46:34+08:00 ] ERR: (ThinkException) 无法加载模块inc
[ 2014-09-14T20:46:52+08:00 ] ERR: (ThinkException) 非法操作js
[ 2014-09-14T20:46:52+08:00 ] ERR: (ThinkException) 非法操作js
[ 2014-09-14T20:46:52+08:00 ] ERR: (ThinkException) 非法操作js
[ 2014-09-14T20:46:52+08:00 ] ERR: (ThinkException) 非法操作js
[ 2014-09-14T20:47:01+08:00 ] ERR: (ThinkException) 非法操作js
[ 2014-09-14T20:47:06+08:00 ] ERR: (ThinkException) 非法操作js
[ 2014-09-14T20:47:06+08:00 ] ERR: (ThinkException) 非法操作js
[ 2014-09-14T20:47:06+08:00 ] ERR: (ThinkException) 非法操作js
[ 2014-09-14T20:47:06+08:00 ] ERR: (ThinkException) 非法操作js
[ 2014-09-14T20:47:10+08:00 ] ERR: (ThinkException) 非法操作js
[ 2014-09-14T20:47:10+08:00 ] ERR: (ThinkException) 非法操作js
[ 2014-09-14T20:47:10+08:00 ] ERR: (ThinkException) 非法操作js
[ 2014-09-14T20:47:10+08:00 ] ERR: (ThinkException) 非法操作js
[ 2014-09-14T20:47:13+08:00 ] ERR: (ThinkException) 非法操作js
[ 2014-09-14T20:47:13+08:00 ] ERR: (ThinkException) 非法操作js
[ 2014-09-14T20:47:13+08:00 ] ERR: (ThinkException) 非法操作js
[ 2014-09-14T20:47:13+08:00 ] ERR: (ThinkException) 非法操作js
[ 2014-09-14T20:47:18+08:00 ] ERR: (ThinkException) 非法操作js
[ 2014-09-14T20:47:18+08:00 ] ERR: (ThinkException) 非法操作js
[ 2014-09-14T20:47:18+08:00 ] ERR: (ThinkException) 非法操作js
[ 2014-09-14T20:47:18+08:00 ] ERR: (ThinkException) 非法操作js
[ 2014-09-14T20:47:23+08:00 ] ERR: (ThinkException) 非法操作js
[ 2014-09-14T20:47:23+08:00 ] ERR: (ThinkException) 非法操作js
[ 2014-09-14T20:47:23+08:00 ] ERR: (ThinkException) 非法操作js
[ 2014-09-14T20:47:23+08:00 ] ERR: (ThinkException) 非法操作js
[ 2014-09-14T20:47:24+08:00 ] ERR: (ThinkException) 无法加载模块inc
[ 2014-09-14T20:47:24+08:00 ] ERR: (ThinkException) 无法加载模块inc
[ 2014-09-14T20:47:36+08:00 ] ERR: (ThinkException) 非法操作js
[ 2014-09-14T20:47:36+08:00 ] ERR: (ThinkException) 非法操作js
[ 2014-09-14T20:47:36+08:00 ] ERR: (ThinkException) 非法操作js
[ 2014-09-14T20:47:36+08:00 ] ERR: (ThinkException) 非法操作js
[ 2014-09-14T20:47:42+08:00 ] ERR: (ThinkException) 非法操作js
[ 2014-09-14T20:47:42+08:00 ] ERR: (ThinkException) 非法操作js
[ 2014-09-14T20:47:42+08:00 ] ERR: (ThinkException) 非法操作js
[ 2014-09-14T20:47:42+08:00 ] ERR: (ThinkException) 非法操作js
[ 2014-09-14T20:47:46+08:00 ] ERR: (ThinkException) 非法操作js
[ 2014-09-14T20:47:56+08:00 ] ERR: (ThinkException) 非法操作js
[ 2014-09-14T20:47:56+08:00 ] ERR: (ThinkException) 非法操作js
[ 2014-09-14T20:47:57+08:00 ] ERR: (ThinkException) 非法操作js
[ 2014-09-14T20:47:57+08:00 ] ERR: (ThinkException) 非法操作js
[ 2014-09-14T20:48:14+08:00 ] ERR: (ThinkException) 无法加载模块inc
[ 2014-09-14T20:48:14+08:00 ] ERR: (ThinkException) 无法加载模块inc
[ 2014-09-14T20:48:26+08:00 ] ERR: (ThinkException) 非法操作js
[ 2014-09-14T20:48:44+08:00 ] ERR: (ThinkException) 非法操作js
[ 2014-09-14T20:48:44+08:00 ] ERR: (ThinkException) 非法操作js
[ 2014-09-14T20:48:44+08:00 ] ERR: (ThinkException) 非法操作js
[ 2014-09-14T20:48:44+08:00 ] ERR: (ThinkException) 非法操作js
[ 2014-09-14T20:49:02+08:00 ] ERR: (ThinkException) 非法操作js
[ 2014-09-14T20:49:02+08:00 ] ERR: (ThinkException) 非法操作js
[ 2014-09-14T20:49:02+08:00 ] ERR: (ThinkException) 非法操作js
[ 2014-09-14T20:49:02+08:00 ] ERR: (ThinkException) 非法操作js
[ 2014-09-14T20:49:04+08:00 ] ERR: (ThinkException) 无法加载模块inc
[ 2014-09-14T20:49:04+08:00 ] ERR: (ThinkException) 无法加载模块inc
[ 2014-09-14T20:49:06+08:00 ] ERR: (ThinkException) 非法操作js
[ 2014-09-14T20:49:06+08:00 ] ERR: (ThinkException) 非法操作js
[ 2014-09-14T20:49:06+08:00 ] ERR: (ThinkException) 非法操作js
[ 2014-09-14T20:49:06+08:00 ] ERR: (ThinkException) 非法操作js
[ 2014-09-14T20:49:20+08:00 ] ERR: (ThinkException) 非法操作js
[ 2014-09-14T20:49:47+08:00 ] ERR: (ThinkException) 非法操作js
[ 2014-09-14T20:49:47+08:00 ] ERR: (ThinkException) 非法操作js
[ 2014-09-14T20:49:47+08:00 ] ERR: (ThinkException) 非法操作js
[ 2014-09-14T20:49:47+08:00 ] ERR: (ThinkException) 非法操作js
[ 2014-09-14T20:49:54+08:00 ] ERR: (ThinkException) 无法加载模块inc
[ 2014-09-14T20:49:54+08:00 ] ERR: (ThinkException) 无法加载模块inc
[ 2014-09-14T20:49:59+08:00 ] ERR: (ThinkException) 非法操作js
[ 2014-09-14T20:50:27+08:00 ] ERR: (ThinkException) 非法操作js
[ 2014-09-14T20:50:27+08:00 ] ERR: (ThinkException) 非法操作js
[ 2014-09-14T20:50:27+08:00 ] ERR: (ThinkException) 非法操作js
[ 2014-09-14T20:50:27+08:00 ] ERR: (ThinkException) 非法操作js
[ 2014-09-14T20:50:31+08:00 ] ERR: (ThinkException) 非法操作js
[ 2014-09-14T20:50:44+08:00 ] ERR: (ThinkException) 无法加载模块inc
[ 2014-09-14T20:50:44+08:00 ] ERR: (ThinkException) 无法加载模块inc
[ 2014-09-14T20:50:51+08:00 ] ERR: (ThinkException) 非法操作js
[ 2014-09-14T20:50:51+08:00 ] ERR: (ThinkException) 非法操作js
[ 2014-09-14T20:50:51+08:00 ] ERR: (ThinkException) 非法操作js
[ 2014-09-14T20:50:51+08:00 ] ERR: (ThinkException) 非法操作js
[ 2014-09-14T20:51:11+08:00 ] ERR: (ThinkException) 非法操作js
[ 2014-09-14T20:51:19+08:00 ] ERR: (ThinkException) 非法操作js
[ 2014-09-14T20:51:19+08:00 ] ERR: (ThinkException) 非法操作js
[ 2014-09-14T20:51:19+08:00 ] ERR: (ThinkException) 非法操作js
[ 2014-09-14T20:51:19+08:00 ] ERR: (ThinkException) 非法操作js
[ 2014-09-14T20:51:29+08:00 ] ERR: (ThinkException) 非法操作js
[ 2014-09-14T20:51:29+08:00 ] ERR: (ThinkException) 非法操作js
[ 2014-09-14T20:51:29+08:00 ] ERR: (ThinkException) 非法操作js
[ 2014-09-14T20:51:29+08:00 ] ERR: (ThinkException) 非法操作js
[ 2014-09-14T20:51:34+08:00 ] ERR: (ThinkException) 无法加载模块inc
[ 2014-09-14T20:51:34+08:00 ] ERR: (ThinkException) 无法加载模块inc
[ 2014-09-14T20:51:43+08:00 ] ERR: (ThinkException) 非法操作js
[ 2014-09-14T20:51:43+08:00 ] ERR: (ThinkException) 非法操作js
[ 2014-09-14T20:51:43+08:00 ] ERR: (ThinkException) 非法操作js
[ 2014-09-14T20:51:43+08:00 ] ERR: (ThinkException) 非法操作js
[ 2014-09-14T20:51:46+08:00 ] ERR: (ThinkException) 非法操作js
[ 2014-09-14T20:51:46+08:00 ] ERR: (ThinkException) 非法操作js
[ 2014-09-14T20:51:46+08:00 ] ERR: (ThinkException) 非法操作js
[ 2014-09-14T20:51:46+08:00 ] ERR: (ThinkException) 非法操作js
[ 2014-09-14T20:51:56+08:00 ] ERR: (ThinkException) 非法操作js
[ 2014-09-14T20:52:11+08:00 ] ERR: (ThinkException) 非法操作js
[ 2014-09-14T20:52:11+08:00 ] ERR: (ThinkException) 非法操作js
[ 2014-09-14T20:52:11+08:00 ] ERR: (ThinkException) 非法操作js
[ 2014-09-14T20:52:11+08:00 ] ERR: (ThinkException) 非法操作js
[ 2014-09-14T20:52:24+08:00 ] ERR: (ThinkException) 无法加载模块inc
[ 2014-09-14T20:52:24+08:00 ] ERR: (ThinkException) 无法加载模块inc
[ 2014-09-14T20:52:30+08:00 ] ERR: (ThinkException) 非法操作js
[ 2014-09-14T20:52:30+08:00 ] ERR: (ThinkException) 非法操作js
[ 2014-09-14T20:52:30+08:00 ] ERR: (ThinkException) 非法操作js
[ 2014-09-14T20:52:30+08:00 ] ERR: (ThinkException) 非法操作js
[ 2014-09-14T20:52:33+08:00 ] ERR: (ThinkException) 非法操作js
[ 2014-09-14T20:52:33+08:00 ] ERR: (ThinkException) 非法操作js
[ 2014-09-14T20:52:33+08:00 ] ERR: (ThinkException) 非法操作js
[ 2014-09-14T20:52:33+08:00 ] ERR: (ThinkException) 非法操作js
[ 2014-09-14T20:52:52+08:00 ] ERR: (ThinkException) 非法操作js
[ 2014-09-14T20:53:03+08:00 ] ERR: (ThinkException) 非法操作js
[ 2014-09-14T20:53:03+08:00 ] ERR: (ThinkException) 非法操作js
[ 2014-09-14T20:53:03+08:00 ] ERR: (ThinkException) 非法操作js
[ 2014-09-14T20:53:03+08:00 ] ERR: (ThinkException) 非法操作js
[ 2014-09-14T20:53:14+08:00 ] ERR: (ThinkException) 无法加载模块inc
[ 2014-09-14T20:53:14+08:00 ] ERR: (ThinkException) 非法操作js
[ 2014-09-14T20:53:15+08:00 ] ERR: (ThinkException) 无法加载模块inc
[ 2014-09-14T20:53:15+08:00 ] ERR: (ThinkException) 无法加载模块inc
[ 2014-09-14T20:53:43+08:00 ] ERR: (ThinkException) 非法操作js
[ 2014-09-14T20:53:43+08:00 ] ERR: (ThinkException) 非法操作js
[ 2014-09-14T20:53:43+08:00 ] ERR: (ThinkException) 非法操作js
[ 2014-09-14T20:53:43+08:00 ] ERR: (ThinkException) 非法操作js
[ 2014-09-14T20:53:46+08:00 ] ERR: (ThinkException) 非法操作js
[ 2014-09-14T20:54:04+08:00 ] ERR: (ThinkException) 无法加载模块inc
[ 2014-09-14T20:54:04+08:00 ] ERR: (ThinkException) 无法加载模块inc
[ 2014-09-14T20:54:09+08:00 ] ERR: (ThinkException) 非法操作js
[ 2014-09-14T20:54:09+08:00 ] ERR: (ThinkException) 非法操作js
[ 2014-09-14T20:54:09+08:00 ] ERR: (ThinkException) 非法操作js
[ 2014-09-14T20:54:09+08:00 ] ERR: (ThinkException) 非法操作js
[ 2014-09-14T20:54:18+08:00 ] ERR: (ThinkException) 非法操作js
[ 2014-09-14T20:54:31+08:00 ] ERR: (ThinkException) 非法操作js
[ 2014-09-14T20:54:31+08:00 ] ERR: (ThinkException) 非法操作js
[ 2014-09-14T20:54:31+08:00 ] ERR: (ThinkException) 非法操作js
[ 2014-09-14T20:54:31+08:00 ] ERR: (ThinkException) 非法操作js
[ 2014-09-14T20:54:33+08:00 ] ERR: (ThinkException) 非法操作js
[ 2014-09-14T20:54:47+08:00 ] ERR: (ThinkException) 非法操作js
[ 2014-09-14T20:54:47+08:00 ] ERR: (ThinkException) 非法操作js
[ 2014-09-14T20:54:47+08:00 ] ERR: (ThinkException) 非法操作js
[ 2014-09-14T20:54:47+08:00 ] ERR: (ThinkException) 非法操作js
[ 2014-09-14T20:54:54+08:00 ] ERR: (ThinkException) 无法加载模块inc
[ 2014-09-14T20:54:55+08:00 ] ERR: (ThinkException) 无法加载模块inc
[ 2014-09-14T20:55:00+08:00 ] ERR: (ThinkException) 非法操作js
[ 2014-09-14T20:55:00+08:00 ] ERR: (ThinkException) 非法操作js
[ 2014-09-14T20:55:00+08:00 ] ERR: (ThinkException) 非法操作js
[ 2014-09-14T20:55:00+08:00 ] ERR: (ThinkException) 非法操作js
[ 2014-09-14T20:55:05+08:00 ] ERR: (ThinkException) 非法操作js
[ 2014-09-14T20:55:05+08:00 ] ERR: (ThinkException) 非法操作js
[ 2014-09-14T20:55:05+08:00 ] ERR: (ThinkException) 非法操作js
[ 2014-09-14T20:55:05+08:00 ] ERR: (ThinkException) 非法操作js
[ 2014-09-14T20:55:45+08:00 ] ERR: (ThinkException) 无法加载模块inc
[ 2014-09-14T20:55:45+08:00 ] ERR: (ThinkException) 无法加载模块inc
[ 2014-09-14T20:56:36+08:00 ] ERR: (ThinkException) 无法加载模块inc
[ 2014-09-14T20:56:36+08:00 ] ERR: (ThinkException) 无法加载模块inc
[ 2014-09-14T20:57:25+08:00 ] ERR: (ThinkException) 无法加载模块inc
[ 2014-09-14T20:57:25+08:00 ] ERR: (ThinkException) 无法加载模块inc
[ 2014-09-14T20:58:15+08:00 ] ERR: (ThinkException) 无法加载模块inc
[ 2014-09-14T20:58:15+08:00 ] ERR: (ThinkException) 无法加载模块inc
[ 2014-09-14T20:59:05+08:00 ] ERR: (ThinkException) 无法加载模块inc
[ 2014-09-14T20:59:05+08:00 ] ERR: (ThinkException) 无法加载模块inc
[ 2014-09-14T20:59:55+08:00 ] ERR: (ThinkException) 无法加载模块inc
[ 2014-09-14T20:59:55+08:00 ] ERR: (ThinkException) 无法加载模块inc
[ 2014-09-14T21:00:45+08:00 ] ERR: (ThinkException) 无法加载模块inc
[ 2014-09-14T21:00:45+08:00 ] ERR: (ThinkException) 无法加载模块inc
[ 2014-09-14T21:01:35+08:00 ] ERR: (ThinkException) 无法加载模块inc
[ 2014-09-14T21:01:35+08:00 ] ERR: (ThinkException) 无法加载模块inc
[ 2014-09-14T21:02:25+08:00 ] ERR: (ThinkException) 无法加载模块inc
[ 2014-09-14T21:02:25+08:00 ] ERR: (ThinkException) 无法加载模块inc
[ 2014-09-14T21:03:14+08:00 ] ERR: (ThinkException) 无法加载模块inc
[ 2014-09-14T21:03:15+08:00 ] ERR: (ThinkException) 无法加载模块inc
[ 2014-09-14T21:03:15+08:00 ] ERR: (ThinkException) 无法加载模块inc
[ 2014-09-14T21:04:05+08:00 ] ERR: (ThinkException) 无法加载模块inc
[ 2014-09-14T21:04:05+08:00 ] ERR: (ThinkException) 无法加载模块inc
[ 2014-09-14T21:04:55+08:00 ] ERR: (ThinkException) 无法加载模块inc
[ 2014-09-14T21:04:55+08:00 ] ERR: (ThinkException) 无法加载模块inc
[ 2014-09-14T21:05:45+08:00 ] ERR: (ThinkException) 无法加载模块inc
[ 2014-09-14T21:05:45+08:00 ] ERR: (ThinkException) 无法加载模块inc
[ 2014-09-14T21:06:35+08:00 ] ERR: (ThinkException) 无法加载模块inc
[ 2014-09-14T21:06:35+08:00 ] ERR: (ThinkException) 无法加载模块inc
[ 2014-09-14T21:07:25+08:00 ] ERR: (ThinkException) 无法加载模块inc
[ 2014-09-14T21:07:25+08:00 ] ERR: (ThinkException) 无法加载模块inc
[ 2014-09-14T21:08:15+08:00 ] ERR: (ThinkException) 无法加载模块inc
[ 2014-09-14T21:08:15+08:00 ] ERR: (ThinkException) 无法加载模块inc
[ 2014-09-14T21:09:05+08:00 ] ERR: (ThinkException) 无法加载模块inc
[ 2014-09-14T21:09:05+08:00 ] ERR: (ThinkException) 无法加载模块inc
[ 2014-09-14T21:09:55+08:00 ] ERR: (ThinkException) 无法加载模块inc
[ 2014-09-14T21:09:55+08:00 ] ERR: (ThinkException) 无法加载模块inc
[ 2014-09-14T21:10:45+08:00 ] ERR: (ThinkException) 无法加载模块inc
[ 2014-09-14T21:10:45+08:00 ] ERR: (ThinkException) 无法加载模块inc
[ 2014-09-14T21:11:35+08:00 ] ERR: (ThinkException) 无法加载模块inc
[ 2014-09-14T21:11:35+08:00 ] ERR: (ThinkException) 无法加载模块inc
[ 2014-09-14T21:12:25+08:00 ] ERR: (ThinkException) 无法加载模块inc
[ 2014-09-14T21:12:25+08:00 ] ERR: (ThinkException) 无法加载模块inc
[ 2014-09-14T21:13:14+08:00 ] ERR: (ThinkException) 无法加载模块inc
[ 2014-09-14T21:13:15+08:00 ] ERR: (ThinkException) 无法加载模块inc
[ 2014-09-14T21:13:15+08:00 ] ERR: (ThinkException) 无法加载模块inc
[ 2014-09-14T21:14:05+08:00 ] ERR: (ThinkException) 无法加载模块inc
[ 2014-09-14T21:14:05+08:00 ] ERR: (ThinkException) 无法加载模块inc
[ 2014-09-14T21:14:55+08:00 ] ERR: (ThinkException) 无法加载模块inc
[ 2014-09-14T21:14:55+08:00 ] ERR: (ThinkException) 无法加载模块inc
[ 2014-09-14T21:15:45+08:00 ] ERR: (ThinkException) 无法加载模块inc
[ 2014-09-14T21:15:45+08:00 ] ERR: (ThinkException) 无法加载模块inc
[ 2014-09-14T21:16:36+08:00 ] ERR: (ThinkException) 无法加载模块Case
[ 2014-09-14T21:16:36+08:00 ] ERR: (ThinkException) 无法加载模块inc
[ 2014-09-14T21:16:36+08:00 ] ERR: (ThinkException) 无法加载模块inc
[ 2014-09-14T21:17:25+08:00 ] ERR: (ThinkException) 无法加载模块inc
[ 2014-09-14T21:17:25+08:00 ] ERR: (ThinkException) 无法加载模块inc
[ 2014-09-14T21:18:15+08:00 ] ERR: (ThinkException) 无法加载模块inc
[ 2014-09-14T21:18:15+08:00 ] ERR: (ThinkException) 无法加载模块inc
[ 2014-09-14T21:19:05+08:00 ] ERR: (ThinkException) 无法加载模块inc
[ 2014-09-14T21:19:05+08:00 ] ERR: (ThinkException) 无法加载模块inc
[ 2014-09-14T21:19:49+08:00 ] ERR: (ThinkException) 非法操作js
[ 2014-09-14T21:19:49+08:00 ] ERR: (ThinkException) 非法操作js
[ 2014-09-14T21:19:49+08:00 ] ERR: (ThinkException) 非法操作js
[ 2014-09-14T21:19:49+08:00 ] ERR: (ThinkException) 非法操作js
[ 2014-09-14T21:19:54+08:00 ] ERR: (ThinkException) 非法操作js
[ 2014-09-14T21:19:54+08:00 ] ERR: (ThinkException) 非法操作js
[ 2014-09-14T21:19:54+08:00 ] ERR: (ThinkException) 非法操作js
[ 2014-09-14T21:19:54+08:00 ] ERR: (ThinkException) 非法操作js
[ 2014-09-14T21:19:55+08:00 ] ERR: (ThinkException) 无法加载模块inc
[ 2014-09-14T21:19:55+08:00 ] ERR: (ThinkException) 无法加载模块inc
[ 2014-09-14T21:19:58+08:00 ] ERR: (ThinkException) 非法操作js
[ 2014-09-14T21:19:58+08:00 ] ERR: (ThinkException) 无法加载模块Uploads
[ 2014-09-14T21:19:59+08:00 ] ERR: (ThinkException) 无法加载模块Uploads
[ 2014-09-14T21:20:45+08:00 ] ERR: (ThinkException) 无法加载模块inc
[ 2014-09-14T21:20:45+08:00 ] ERR: (ThinkException) 无法加载模块inc
[ 2014-09-14T21:21:34+08:00 ] ERR: (ThinkException) 非法操作js
[ 2014-09-14T21:21:35+08:00 ] ERR: (ThinkException) 无法加载模块inc
[ 2014-09-14T21:21:35+08:00 ] ERR: (ThinkException) 无法加载模块inc
[ 2014-09-14T21:21:41+08:00 ] ERR: (ThinkException) 非法操作js
[ 2014-09-14T21:21:41+08:00 ] ERR: (ThinkException) 非法操作js
[ 2014-09-14T21:21:41+08:00 ] ERR: (ThinkException) 非法操作js
[ 2014-09-14T21:21:41+08:00 ] ERR: (ThinkException) 非法操作js
[ 2014-09-14T21:21:46+08:00 ] ERR: (ThinkException) 非法操作js
[ 2014-09-14T21:21:46+08:00 ] ERR: (ThinkException) 无法加载模块Uploads
[ 2014-09-14T21:21:47+08:00 ] ERR: (ThinkException) 无法加载模块Uploads
[ 2014-09-14T21:21:51+08:00 ] ERR: (ThinkException) 非法操作js
[ 2014-09-14T21:21:51+08:00 ] ERR: (ThinkException) 非法操作js
[ 2014-09-14T21:21:51+08:00 ] ERR: (ThinkException) 非法操作js
[ 2014-09-14T21:21:51+08:00 ] ERR: (ThinkException) 非法操作js
[ 2014-09-14T21:22:25+08:00 ] ERR: (ThinkException) 无法加载模块inc
[ 2014-09-14T21:22:25+08:00 ] ERR: (ThinkException) 无法加载模块inc
[ 2014-09-14T21:23:14+08:00 ] ERR: (ThinkException) 无法加载模块inc
[ 2014-09-14T21:23:15+08:00 ] ERR: (ThinkException) 无法加载模块inc
[ 2014-09-14T21:23:15+08:00 ] ERR: (ThinkException) 无法加载模块inc
[ 2014-09-14T21:24:05+08:00 ] ERR: (ThinkException) 无法加载模块inc
[ 2014-09-14T21:24:05+08:00 ] ERR: (ThinkException) 无法加载模块inc
[ 2014-09-14T21:24:55+08:00 ] ERR: (ThinkException) 无法加载模块inc
[ 2014-09-14T21:24:55+08:00 ] ERR: (ThinkException) 无法加载模块inc
[ 2014-09-14T21:25:45+08:00 ] ERR: (ThinkException) 无法加载模块inc
[ 2014-09-14T21:25:45+08:00 ] ERR: (ThinkException) 无法加载模块inc
[ 2014-09-14T21:26:36+08:00 ] ERR: (ThinkException) 无法加载模块inc
[ 2014-09-14T21:26:36+08:00 ] ERR: (ThinkException) 无法加载模块inc
[ 2014-09-14T21:27:26+08:00 ] ERR: (ThinkException) 无法加载模块inc
[ 2014-09-14T21:27:26+08:00 ] ERR: (ThinkException) 无法加载模块inc
[ 2014-09-14T21:28:16+08:00 ] ERR: (ThinkException) 无法加载模块inc
[ 2014-09-14T21:28:16+08:00 ] ERR: (ThinkException) 无法加载模块inc
[ 2014-09-14T21:29:06+08:00 ] ERR: (ThinkException) 无法加载模块inc
[ 2014-09-14T21:29:06+08:00 ] ERR: (ThinkException) 无法加载模块inc
[ 2014-09-14T21:29:56+08:00 ] ERR: (ThinkException) 无法加载模块inc
[ 2014-09-14T21:29:56+08:00 ] ERR: (ThinkException) 无法加载模块inc
[ 2014-09-14T21:30:46+08:00 ] ERR: (ThinkException) 无法加载模块inc
[ 2014-09-14T21:30:46+08:00 ] ERR: (ThinkException) 无法加载模块inc
[ 2014-09-14T21:31:24+08:00 ] ERR: (ThinkException) 非法操作js
[ 2014-09-14T21:31:24+08:00 ] ERR: (ThinkException) 非法操作js
[ 2014-09-14T21:31:24+08:00 ] ERR: (ThinkException) 非法操作js
[ 2014-09-14T21:31:24+08:00 ] ERR: (ThinkException) 非法操作js
[ 2014-09-14T21:31:36+08:00 ] ERR: (ThinkException) 无法加载模块inc
[ 2014-09-14T21:31:36+08:00 ] ERR: (ThinkException) 无法加载模块inc
[ 2014-09-14T21:32:26+08:00 ] ERR: (ThinkException) 无法加载模块inc
[ 2014-09-14T21:32:26+08:00 ] ERR: (ThinkException) 无法加载模块inc
[ 2014-09-14T21:32:38+08:00 ] ERR: (ThinkException) 非法操作js
[ 2014-09-14T21:32:38+08:00 ] ERR: (ThinkException) 非法操作js
[ 2014-09-14T21:32:38+08:00 ] ERR: (ThinkException) 非法操作js
[ 2014-09-14T21:32:38+08:00 ] ERR: (ThinkException) 非法操作js
[ 2014-09-14T21:32:41+08:00 ] ERR: (ThinkException) 非法操作js
[ 2014-09-14T21:32:42+08:00 ] ERR: (ThinkException) 非法操作js
[ 2014-09-14T21:32:42+08:00 ] ERR: (ThinkException) 非法操作js
[ 2014-09-14T21:32:42+08:00 ] ERR: (ThinkException) 非法操作js
[ 2014-09-14T21:33:14+08:00 ] ERR: (ThinkException) 无法加载模块inc
[ 2014-09-14T21:33:16+08:00 ] ERR: (ThinkException) 无法加载模块inc
[ 2014-09-14T21:33:16+08:00 ] ERR: (ThinkException) 无法加载模块inc
[ 2014-09-14T21:34:06+08:00 ] ERR: (ThinkException) 无法加载模块inc
[ 2014-09-14T21:34:06+08:00 ] ERR: (ThinkException) 无法加载模块inc
[ 2014-09-14T21:34:56+08:00 ] ERR: (ThinkException) 无法加载模块inc
[ 2014-09-14T21:34:56+08:00 ] ERR: (ThinkException) 无法加载模块inc
[ 2014-09-14T21:35:46+08:00 ] ERR: (ThinkException) 无法加载模块inc
[ 2014-09-14T21:35:46+08:00 ] ERR: (ThinkException) 无法加载模块inc
[ 2014-09-14T21:36:36+08:00 ] ERR: (ThinkException) 无法加载模块inc
[ 2014-09-14T21:36:36+08:00 ] ERR: (ThinkException) 无法加载模块inc
[ 2014-09-14T21:37:26+08:00 ] ERR: (ThinkException) 无法加载模块inc
[ 2014-09-14T21:37:26+08:00 ] ERR: (ThinkException) 无法加载模块inc
[ 2014-09-14T21:38:16+08:00 ] ERR: (ThinkException) 无法加载模块inc
[ 2014-09-14T21:38:16+08:00 ] ERR: (ThinkException) 无法加载模块inc
[ 2014-09-14T21:39:06+08:00 ] ERR: (ThinkException) 无法加载模块inc
[ 2014-09-14T21:39:06+08:00 ] ERR: (ThinkException) 无法加载模块inc
[ 2014-09-14T21:39:56+08:00 ] ERR: (ThinkException) 无法加载模块inc
[ 2014-09-14T21:39:56+08:00 ] ERR: (ThinkException) 无法加载模块inc
[ 2014-09-14T21:40:46+08:00 ] ERR: (ThinkException) 无法加载模块inc
[ 2014-09-14T21:40:46+08:00 ] ERR: (ThinkException) 无法加载模块inc
[ 2014-09-14T21:41:36+08:00 ] ERR: (ThinkException) 无法加载模块inc
[ 2014-09-14T21:41:36+08:00 ] ERR: (ThinkException) 无法加载模块inc
[ 2014-09-14T21:42:26+08:00 ] ERR: (ThinkException) 无法加载模块inc
[ 2014-09-14T21:42:26+08:00 ] ERR: (ThinkException) 无法加载模块inc
[ 2014-09-14T21:43:14+08:00 ] ERR: (ThinkException) 无法加载模块inc
[ 2014-09-14T21:43:16+08:00 ] ERR: (ThinkException) 无法加载模块inc
[ 2014-09-14T21:43:16+08:00 ] ERR: (ThinkException) 无法加载模块inc
[ 2014-09-14T21:44:06+08:00 ] ERR: (ThinkException) 无法加载模块inc
[ 2014-09-14T21:44:06+08:00 ] ERR: (ThinkException) 无法加载模块inc
[ 2014-09-14T21:44:56+08:00 ] ERR: (ThinkException) 无法加载模块inc
[ 2014-09-14T21:44:56+08:00 ] ERR: (ThinkException) 无法加载模块inc
[ 2014-09-14T21:45:46+08:00 ] ERR: (ThinkException) 无法加载模块inc
[ 2014-09-14T21:45:46+08:00 ] ERR: (ThinkException) 无法加载模块inc
[ 2014-09-14T21:46:36+08:00 ] ERR: (ThinkException) 无法加载模块inc
[ 2014-09-14T21:46:36+08:00 ] ERR: (ThinkException) 无法加载模块inc
[ 2014-09-14T21:47:26+08:00 ] ERR: (ThinkException) 无法加载模块inc
[ 2014-09-14T21:47:26+08:00 ] ERR: (ThinkException) 无法加载模块inc
[ 2014-09-14T21:48:16+08:00 ] ERR: (ThinkException) 无法加载模块inc
[ 2014-09-14T21:48:16+08:00 ] ERR: (ThinkException) 无法加载模块inc
[ 2014-09-14T21:49:06+08:00 ] ERR: (ThinkException) 无法加载模块inc
[ 2014-09-14T21:49:06+08:00 ] ERR: (ThinkException) 无法加载模块inc
[ 2014-09-14T21:49:56+08:00 ] ERR: (ThinkException) 无法加载模块inc
[ 2014-09-14T21:49:56+08:00 ] ERR: (ThinkException) 无法加载模块inc
[ 2014-09-14T21:50:46+08:00 ] ERR: (ThinkException) 无法加载模块inc
[ 2014-09-14T21:50:46+08:00 ] ERR: (ThinkException) 无法加载模块inc
[ 2014-09-14T21:51:36+08:00 ] ERR: (ThinkException) 无法加载模块inc
[ 2014-09-14T21:51:36+08:00 ] ERR: (ThinkException) 无法加载模块inc
[ 2014-09-14T21:52:26+08:00 ] ERR: (ThinkException) 无法加载模块inc
[ 2014-09-14T21:52:26+08:00 ] ERR: (ThinkException) 无法加载模块inc
[ 2014-09-14T21:53:14+08:00 ] ERR: (ThinkException) 无法加载模块inc
[ 2014-09-14T21:53:16+08:00 ] ERR: (ThinkException) 无法加载模块inc
[ 2014-09-14T21:53:16+08:00 ] ERR: (ThinkException) 无法加载模块inc
[ 2014-09-14T21:54:06+08:00 ] ERR: (ThinkException) 无法加载模块inc
[ 2014-09-14T21:54:06+08:00 ] ERR: (ThinkException) 无法加载模块inc
[ 2014-09-14T21:54:56+08:00 ] ERR: (ThinkException) 无法加载模块inc
[ 2014-09-14T21:54:56+08:00 ] ERR: (ThinkException) 无法加载模块inc
[ 2014-09-14T21:55:46+08:00 ] ERR: (ThinkException) 无法加载模块inc
[ 2014-09-14T21:55:46+08:00 ] ERR: (ThinkException) 无法加载模块inc
[ 2014-09-14T21:56:36+08:00 ] ERR: (ThinkException) 无法加载模块inc
[ 2014-09-14T21:56:37+08:00 ] ERR: (ThinkException) 无法加载模块inc
[ 2014-09-14T21:57:26+08:00 ] ERR: (ThinkException) 无法加载模块inc
[ 2014-09-14T21:57:26+08:00 ] ERR: (ThinkException) 无法加载模块inc
[ 2014-09-14T21:58:16+08:00 ] ERR: (ThinkException) 无法加载模块inc
[ 2014-09-14T21:58:16+08:00 ] ERR: (ThinkException) 无法加载模块inc
[ 2014-09-14T21:59:06+08:00 ] ERR: (ThinkException) 无法加载模块inc
[ 2014-09-14T21:59:06+08:00 ] ERR: (ThinkException) 无法加载模块inc
[ 2014-09-14T21:59:56+08:00 ] ERR: (ThinkException) 无法加载模块inc
[ 2014-09-14T21:59:56+08:00 ] ERR: (ThinkException) 无法加载模块inc
[ 2014-09-14T22:00:46+08:00 ] ERR: (ThinkException) 无法加载模块inc
[ 2014-09-14T22:00:46+08:00 ] ERR: (ThinkException) 无法加载模块inc
[ 2014-09-14T22:01:36+08:00 ] ERR: (ThinkException) 无法加载模块inc
[ 2014-09-14T22:01:37+08:00 ] ERR: (ThinkException) 无法加载模块inc
[ 2014-09-14T22:02:26+08:00 ] ERR: (ThinkException) 无法加载模块inc
[ 2014-09-14T22:02:26+08:00 ] ERR: (ThinkException) 无法加载模块inc
[ 2014-09-14T22:03:14+08:00 ] ERR: (ThinkException) 无法加载模块inc
[ 2014-09-14T22:03:17+08:00 ] ERR: (ThinkException) 无法加载模块inc
[ 2014-09-14T22:03:17+08:00 ] ERR: (ThinkException) 无法加载模块inc
[ 2014-09-14T22:04:07+08:00 ] ERR: (ThinkException) 无法加载模块inc
[ 2014-09-14T22:04:07+08:00 ] ERR: (ThinkException) 无法加载模块inc
[ 2014-09-14T22:04:57+08:00 ] ERR: (ThinkException) 无法加载模块inc
[ 2014-09-14T22:04:58+08:00 ] ERR: (ThinkException) 无法加载模块inc
[ 2014-09-14T22:05:47+08:00 ] ERR: (ThinkException) 无法加载模块inc
[ 2014-09-14T22:05:47+08:00 ] ERR: (ThinkException) 无法加载模块inc
[ 2014-09-14T22:06:37+08:00 ] ERR: (ThinkException) 无法加载模块inc
[ 2014-09-14T22:06:37+08:00 ] ERR: (ThinkException) 无法加载模块inc
[ 2014-09-14T22:07:27+08:00 ] ERR: (ThinkException) 无法加载模块inc
[ 2014-09-14T22:07:27+08:00 ] ERR: (ThinkException) 无法加载模块inc
[ 2014-09-14T22:08:17+08:00 ] ERR: (ThinkException) 无法加载模块inc
[ 2014-09-14T22:08:17+08:00 ] ERR: (ThinkException) 无法加载模块inc
[ 2014-09-14T22:09:07+08:00 ] ERR: (ThinkException) 无法加载模块inc
[ 2014-09-14T22:09:07+08:00 ] ERR: (ThinkException) 无法加载模块inc
[ 2014-09-14T22:09:57+08:00 ] ERR: (ThinkException) 无法加载模块inc
[ 2014-09-14T22:09:58+08:00 ] ERR: (ThinkException) 无法加载模块inc
[ 2014-09-14T22:10:48+08:00 ] ERR: (ThinkException) 无法加载模块inc
[ 2014-09-14T22:10:48+08:00 ] ERR: (ThinkException) 无法加载模块inc
[ 2014-09-14T22:11:37+08:00 ] ERR: (ThinkException) 无法加载模块inc
[ 2014-09-14T22:11:38+08:00 ] ERR: (ThinkException) 无法加载模块inc
[ 2014-09-14T22:12:27+08:00 ] ERR: (ThinkException) 无法加载模块inc
[ 2014-09-14T22:12:28+08:00 ] ERR: (ThinkException) 无法加载模块inc
[ 2014-09-14T22:13:14+08:00 ] ERR: (ThinkException) 无法加载模块inc
[ 2014-09-14T22:13:17+08:00 ] ERR: (ThinkException) 无法加载模块inc
[ 2014-09-14T22:13:18+08:00 ] ERR: (ThinkException) 无法加载模块inc
[ 2014-09-14T22:14:08+08:00 ] ERR: (ThinkException) 无法加载模块inc
[ 2014-09-14T22:14:08+08:00 ] ERR: (ThinkException) 无法加载模块inc
[ 2014-09-14T22:14:57+08:00 ] ERR: (ThinkException) 无法加载模块inc
[ 2014-09-14T22:14:58+08:00 ] ERR: (ThinkException) 无法加载模块inc
[ 2014-09-14T22:15:48+08:00 ] ERR: (ThinkException) 无法加载模块inc
[ 2014-09-14T22:15:48+08:00 ] ERR: (ThinkException) 无法加载模块inc
[ 2014-09-14T22:16:38+08:00 ] ERR: (ThinkException) 无法加载模块inc
[ 2014-09-14T22:16:38+08:00 ] ERR: (ThinkException) 无法加载模块inc
[ 2014-09-14T22:17:28+08:00 ] ERR: (ThinkException) 无法加载模块inc
[ 2014-09-14T22:17:28+08:00 ] ERR: (ThinkException) 无法加载模块inc
[ 2014-09-14T22:18:18+08:00 ] ERR: (ThinkException) 无法加载模块inc
[ 2014-09-14T22:18:18+08:00 ] ERR: (ThinkException) 无法加载模块inc
[ 2014-09-14T22:19:08+08:00 ] ERR: (ThinkException) 无法加载模块inc
[ 2014-09-14T22:19:08+08:00 ] ERR: (ThinkException) 无法加载模块inc
[ 2014-09-14T22:19:58+08:00 ] ERR: (ThinkException) 无法加载模块inc
[ 2014-09-14T22:19:58+08:00 ] ERR: (ThinkException) 无法加载模块inc
[ 2014-09-14T22:20:48+08:00 ] ERR: (ThinkException) 无法加载模块inc
[ 2014-09-14T22:20:48+08:00 ] ERR: (ThinkException) 无法加载模块inc
[ 2014-09-14T22:21:38+08:00 ] ERR: (ThinkException) 无法加载模块inc
[ 2014-09-14T22:21:38+08:00 ] ERR: (ThinkException) 无法加载模块inc
[ 2014-09-14T22:22:28+08:00 ] ERR: (ThinkException) 无法加载模块inc
[ 2014-09-14T22:22:28+08:00 ] ERR: (ThinkException) 无法加载模块inc
[ 2014-09-14T22:23:14+08:00 ] ERR: (ThinkException) 无法加载模块inc
[ 2014-09-14T22:23:18+08:00 ] ERR: (ThinkException) 无法加载模块inc
[ 2014-09-14T22:23:18+08:00 ] ERR: (ThinkException) 无法加载模块inc
[ 2014-09-14T22:24:08+08:00 ] ERR: (ThinkException) 无法加载模块inc
[ 2014-09-14T22:24:08+08:00 ] ERR: (ThinkException) 无法加载模块inc
[ 2014-09-14T22:24:58+08:00 ] ERR: (ThinkException) 无法加载模块inc
[ 2014-09-14T22:24:58+08:00 ] ERR: (ThinkException) 无法加载模块inc
[ 2014-09-14T22:25:49+08:00 ] ERR: (ThinkException) 无法加载模块inc
[ 2014-09-14T22:25:49+08:00 ] ERR: (ThinkException) 无法加载模块inc
[ 2014-09-14T22:26:39+08:00 ] ERR: (ThinkException) 无法加载模块inc
[ 2014-09-14T22:26:39+08:00 ] ERR: (ThinkException) 无法加载模块inc
[ 2014-09-14T22:27:29+08:00 ] ERR: (ThinkException) 无法加载模块inc
[ 2014-09-14T22:27:29+08:00 ] ERR: (ThinkException) 无法加载模块inc
[ 2014-09-14T22:28:19+08:00 ] ERR: (ThinkException) 无法加载模块inc
[ 2014-09-14T22:28:19+08:00 ] ERR: (ThinkException) 无法加载模块inc
[ 2014-09-14T22:29:09+08:00 ] ERR: (ThinkException) 无法加载模块inc
[ 2014-09-14T22:29:09+08:00 ] ERR: (ThinkException) 无法加载模块inc
[ 2014-09-14T22:29:59+08:00 ] ERR: (ThinkException) 无法加载模块inc
[ 2014-09-14T22:29:59+08:00 ] ERR: (ThinkException) 无法加载模块inc
[ 2014-09-14T22:30:49+08:00 ] ERR: (ThinkException) 无法加载模块inc
[ 2014-09-14T22:30:49+08:00 ] ERR: (ThinkException) 无法加载模块inc
[ 2014-09-14T22:31:39+08:00 ] ERR: (ThinkException) 无法加载模块inc
[ 2014-09-14T22:31:39+08:00 ] ERR: (ThinkException) 无法加载模块inc
[ 2014-09-14T22:32:29+08:00 ] ERR: (ThinkException) 无法加载模块inc
[ 2014-09-14T22:32:29+08:00 ] ERR: (ThinkException) 无法加载模块inc
[ 2014-09-14T22:33:14+08:00 ] ERR: (ThinkException) 无法加载模块inc
[ 2014-09-14T22:33:19+08:00 ] ERR: (ThinkException) 无法加载模块inc
[ 2014-09-14T22:33:19+08:00 ] ERR: (ThinkException) 无法加载模块inc
[ 2014-09-14T22:34:09+08:00 ] ERR: (ThinkException) 无法加载模块inc
[ 2014-09-14T22:34:09+08:00 ] ERR: (ThinkException) 无法加载模块inc
[ 2014-09-14T22:34:59+08:00 ] ERR: (ThinkException) 无法加载模块inc
[ 2014-09-14T22:34:59+08:00 ] ERR: (ThinkException) 无法加载模块inc
[ 2014-09-14T22:35:49+08:00 ] ERR: (ThinkException) 无法加载模块inc
[ 2014-09-14T22:35:49+08:00 ] ERR: (ThinkException) 无法加载模块inc
[ 2014-09-14T22:36:42+08:00 ] ERR: (ThinkException) 无法加载模块inc
[ 2014-09-14T22:36:42+08:00 ] ERR: (ThinkException) 无法加载模块inc
[ 2014-09-14T22:37:32+08:00 ] ERR: (ThinkException) 无法加载模块inc
[ 2014-09-14T22:37:32+08:00 ] ERR: (ThinkException) 无法加载模块inc
[ 2014-09-14T22:37:53+08:00 ] ERR: (ThinkException) 非法操作js
[ 2014-09-14T22:37:54+08:00 ] ERR: (ThinkException) 非法操作js
[ 2014-09-14T22:37:54+08:00 ] ERR: (ThinkException) 非法操作js
[ 2014-09-14T22:37:54+08:00 ] ERR: (ThinkException) 非法操作js
[ 2014-09-14T22:38:22+08:00 ] ERR: (ThinkException) 无法加载模块inc
[ 2014-09-14T22:38:22+08:00 ] ERR: (ThinkException) 无法加载模块inc
[ 2014-09-14T22:39:12+08:00 ] ERR: (ThinkException) 无法加载模块inc
[ 2014-09-14T22:39:12+08:00 ] ERR: (ThinkException) 无法加载模块inc
[ 2014-09-14T22:40:02+08:00 ] ERR: (ThinkException) 无法加载模块inc
[ 2014-09-14T22:40:02+08:00 ] ERR: (ThinkException) 无法加载模块inc
[ 2014-09-14T22:40:52+08:00 ] ERR: (ThinkException) 无法加载模块inc
[ 2014-09-14T22:40:52+08:00 ] ERR: (ThinkException) 无法加载模块inc
[ 2014-09-14T22:41:42+08:00 ] ERR: (ThinkException) 无法加载模块inc
[ 2014-09-14T22:41:42+08:00 ] ERR: (ThinkException) 无法加载模块inc
[ 2014-09-14T22:42:32+08:00 ] ERR: (ThinkException) 无法加载模块inc
[ 2014-09-14T22:42:32+08:00 ] ERR: (ThinkException) 无法加载模块inc
[ 2014-09-14T22:43:14+08:00 ] ERR: (ThinkException) 无法加载模块inc
[ 2014-09-14T22:43:22+08:00 ] ERR: (ThinkException) 无法加载模块inc
[ 2014-09-14T22:43:22+08:00 ] ERR: (ThinkException) 无法加载模块inc
[ 2014-09-14T22:44:12+08:00 ] ERR: (ThinkException) 无法加载模块inc
[ 2014-09-14T22:44:12+08:00 ] ERR: (ThinkException) 无法加载模块inc
[ 2014-09-14T22:45:02+08:00 ] ERR: (ThinkException) 无法加载模块inc
[ 2014-09-14T22:45:02+08:00 ] ERR: (ThinkException) 无法加载模块inc
[ 2014-09-14T22:45:52+08:00 ] ERR: (ThinkException) 无法加载模块inc
[ 2014-09-14T22:45:52+08:00 ] ERR: (ThinkException) 无法加载模块inc
[ 2014-09-14T22:46:42+08:00 ] ERR: (ThinkException) 无法加载模块inc
[ 2014-09-14T22:46:43+08:00 ] ERR: (ThinkException) 无法加载模块inc
[ 2014-09-14T22:47:33+08:00 ] ERR: (ThinkException) 无法加载模块inc
[ 2014-09-14T22:47:33+08:00 ] ERR: (ThinkException) 无法加载模块inc
[ 2014-09-14T22:48:23+08:00 ] ERR: (ThinkException) 无法加载模块inc
[ 2014-09-14T22:48:23+08:00 ] ERR: (ThinkException) 无法加载模块inc
[ 2014-09-14T22:49:13+08:00 ] ERR: (ThinkException) 无法加载模块inc
[ 2014-09-14T22:49:13+08:00 ] ERR: (ThinkException) 无法加载模块inc
[ 2014-09-14T22:50:03+08:00 ] ERR: (ThinkException) 无法加载模块inc
[ 2014-09-14T22:50:03+08:00 ] ERR: (ThinkException) 无法加载模块inc
[ 2014-09-14T22:50:53+08:00 ] ERR: (ThinkException) 无法加载模块inc
[ 2014-09-14T22:50:53+08:00 ] ERR: (ThinkException) 无法加载模块inc
[ 2014-09-14T22:51:43+08:00 ] ERR: (ThinkException) 无法加载模块inc
[ 2014-09-14T22:51:43+08:00 ] ERR: (ThinkException) 无法加载模块inc
[ 2014-09-14T22:52:33+08:00 ] ERR: (ThinkException) 无法加载模块inc
[ 2014-09-14T22:52:33+08:00 ] ERR: (ThinkException) 无法加载模块inc
[ 2014-09-14T22:53:14+08:00 ] ERR: (ThinkException) 无法加载模块inc
[ 2014-09-14T22:53:23+08:00 ] ERR: (ThinkException) 无法加载模块inc
[ 2014-09-14T22:53:23+08:00 ] ERR: (ThinkException) 无法加载模块inc
[ 2014-09-14T22:54:13+08:00 ] ERR: (ThinkException) 无法加载模块inc
[ 2014-09-14T22:54:13+08:00 ] ERR: (ThinkException) 无法加载模块inc
[ 2014-09-14T22:55:03+08:00 ] ERR: (ThinkException) 无法加载模块inc
[ 2014-09-14T22:55:03+08:00 ] ERR: (ThinkException) 无法加载模块inc
[ 2014-09-14T22:55:53+08:00 ] ERR: (ThinkException) 无法加载模块inc
[ 2014-09-14T22:55:53+08:00 ] ERR: (ThinkException) 无法加载模块inc
[ 2014-09-14T22:56:43+08:00 ] ERR: (ThinkException) 无法加载模块inc
[ 2014-09-14T22:56:43+08:00 ] ERR: (ThinkException) 无法加载模块inc
[ 2014-09-14T22:57:33+08:00 ] ERR: (ThinkException) 无法加载模块inc
[ 2014-09-14T22:57:33+08:00 ] ERR: (ThinkException) 无法加载模块inc
[ 2014-09-14T22:58:23+08:00 ] ERR: (ThinkException) 无法加载模块inc
[ 2014-09-14T22:58:23+08:00 ] ERR: (ThinkException) 无法加载模块inc
[ 2014-09-14T22:59:13+08:00 ] ERR: (ThinkException) 无法加载模块inc
[ 2014-09-14T22:59:13+08:00 ] ERR: (ThinkException) 无法加载模块inc
[ 2014-09-14T23:00:03+08:00 ] ERR: (ThinkException) 无法加载模块inc
[ 2014-09-14T23:00:03+08:00 ] ERR: (ThinkException) 无法加载模块inc
[ 2014-09-14T23:00:53+08:00 ] ERR: (ThinkException) 无法加载模块inc
[ 2014-09-14T23:00:53+08:00 ] ERR: (ThinkException) 无法加载模块inc
[ 2014-09-14T23:01:44+08:00 ] ERR: (ThinkException) 无法加载模块inc
[ 2014-09-14T23:01:44+08:00 ] ERR: (ThinkException) 无法加载模块inc
[ 2014-09-14T23:02:34+08:00 ] ERR: (ThinkException) 无法加载模块inc
[ 2014-09-14T23:02:34+08:00 ] ERR: (ThinkException) 无法加载模块inc
[ 2014-09-14T23:03:14+08:00 ] ERR: (ThinkException) 无法加载模块inc
[ 2014-09-14T23:03:24+08:00 ] ERR: (ThinkException) 无法加载模块inc
[ 2014-09-14T23:03:24+08:00 ] ERR: (ThinkException) 无法加载模块inc
[ 2014-09-14T23:04:14+08:00 ] ERR: (ThinkException) 无法加载模块inc
[ 2014-09-14T23:04:14+08:00 ] ERR: (ThinkException) 无法加载模块inc
[ 2014-09-14T23:05:04+08:00 ] ERR: (ThinkException) 无法加载模块inc
[ 2014-09-14T23:05:04+08:00 ] ERR: (ThinkException) 无法加载模块inc
[ 2014-09-14T23:05:54+08:00 ] ERR: (ThinkException) 无法加载模块inc
[ 2014-09-14T23:05:54+08:00 ] ERR: (ThinkException) 无法加载模块inc
[ 2014-09-14T23:06:44+08:00 ] ERR: (ThinkException) 无法加载模块inc
[ 2014-09-14T23:06:44+08:00 ] ERR: (ThinkException) 无法加载模块inc
[ 2014-09-14T23:07:34+08:00 ] ERR: (ThinkException) 无法加载模块inc
[ 2014-09-14T23:07:34+08:00 ] ERR: (ThinkException) 无法加载模块inc
[ 2014-09-14T23:08:24+08:00 ] ERR: (ThinkException) 无法加载模块inc
[ 2014-09-14T23:08:24+08:00 ] ERR: (ThinkException) 无法加载模块inc
[ 2014-09-14T23:09:14+08:00 ] ERR: (ThinkException) 无法加载模块inc
[ 2014-09-14T23:09:14+08:00 ] ERR: (ThinkException) 无法加载模块inc
[ 2014-09-14T23:10:04+08:00 ] ERR: (ThinkException) 无法加载模块inc
[ 2014-09-14T23:10:04+08:00 ] ERR: (ThinkException) 无法加载模块inc
[ 2014-09-14T23:10:54+08:00 ] ERR: (ThinkException) 无法加载模块inc
[ 2014-09-14T23:10:54+08:00 ] ERR: (ThinkException) 无法加载模块inc
[ 2014-09-14T23:11:44+08:00 ] ERR: (ThinkException) 无法加载模块inc
[ 2014-09-14T23:11:44+08:00 ] ERR: (ThinkException) 无法加载模块inc
[ 2014-09-14T23:12:34+08:00 ] ERR: (ThinkException) 无法加载模块inc
[ 2014-09-14T23:12:34+08:00 ] ERR: (ThinkException) 无法加载模块inc
[ 2014-09-14T23:13:14+08:00 ] ERR: (ThinkException) 无法加载模块inc
[ 2014-09-14T23:13:24+08:00 ] ERR: (ThinkException) 无法加载模块inc
[ 2014-09-14T23:13:24+08:00 ] ERR: (ThinkException) 无法加载模块inc
[ 2014-09-14T23:14:14+08:00 ] ERR: (ThinkException) 无法加载模块inc
[ 2014-09-14T23:14:14+08:00 ] ERR: (ThinkException) 无法加载模块inc
[ 2014-09-14T23:15:04+08:00 ] ERR: (ThinkException) 无法加载模块inc
[ 2014-09-14T23:15:04+08:00 ] ERR: (ThinkException) 无法加载模块inc
[ 2014-09-14T23:15:54+08:00 ] ERR: (ThinkException) 无法加载模块inc
[ 2014-09-14T23:15:54+08:00 ] ERR: (ThinkException) 无法加载模块inc
[ 2014-09-14T23:16:44+08:00 ] ERR: (ThinkException) 无法加载模块inc
[ 2014-09-14T23:16:44+08:00 ] ERR: (ThinkException) 无法加载模块inc
[ 2014-09-14T23:17:34+08:00 ] ERR: (ThinkException) 无法加载模块inc
[ 2014-09-14T23:17:34+08:00 ] ERR: (ThinkException) 无法加载模块inc
[ 2014-09-14T23:18:24+08:00 ] ERR: (ThinkException) 无法加载模块inc
[ 2014-09-14T23:18:24+08:00 ] ERR: (ThinkException) 无法加载模块inc
[ 2014-09-14T23:19:14+08:00 ] ERR: (ThinkException) 无法加载模块inc
[ 2014-09-14T23:19:14+08:00 ] ERR: (ThinkException) 无法加载模块inc
[ 2014-09-14T23:20:04+08:00 ] ERR: (ThinkException) 无法加载模块inc
[ 2014-09-14T23:20:04+08:00 ] ERR: (ThinkException) 无法加载模块inc
[ 2014-09-14T23:20:54+08:00 ] ERR: (ThinkException) 无法加载模块inc
[ 2014-09-14T23:20:54+08:00 ] ERR: (ThinkException) 无法加载模块inc
[ 2014-09-14T23:21:44+08:00 ] ERR: (ThinkException) 无法加载模块inc
[ 2014-09-14T23:21:44+08:00 ] ERR: (ThinkException) 无法加载模块inc
[ 2014-09-14T23:22:34+08:00 ] ERR: (ThinkException) 无法加载模块inc
[ 2014-09-14T23:22:34+08:00 ] ERR: (ThinkException) 无法加载模块inc
[ 2014-09-14T23:23:14+08:00 ] ERR: (ThinkException) 无法加载模块inc
[ 2014-09-14T23:23:24+08:00 ] ERR: (ThinkException) 无法加载模块inc
[ 2014-09-14T23:23:24+08:00 ] ERR: (ThinkException) 无法加载模块inc
[ 2014-09-14T23:24:14+08:00 ] ERR: (ThinkException) 无法加载模块inc
[ 2014-09-14T23:24:14+08:00 ] ERR: (ThinkException) 无法加载模块inc
[ 2014-09-14T23:25:04+08:00 ] ERR: (ThinkException) 无法加载模块inc
[ 2014-09-14T23:25:04+08:00 ] ERR: (ThinkException) 无法加载模块inc
[ 2014-09-14T23:25:54+08:00 ] ERR: (ThinkException) 无法加载模块inc
[ 2014-09-14T23:25:54+08:00 ] ERR: (ThinkException) 无法加载模块inc
[ 2014-09-14T23:26:44+08:00 ] ERR: (ThinkException) 无法加载模块inc
[ 2014-09-14T23:26:44+08:00 ] ERR: (ThinkException) 无法加载模块inc
[ 2014-09-14T23:27:34+08:00 ] ERR: (ThinkException) 无法加载模块inc
[ 2014-09-14T23:27:34+08:00 ] ERR: (ThinkException) 无法加载模块inc
[ 2014-09-14T23:28:24+08:00 ] ERR: (ThinkException) 无法加载模块inc
[ 2014-09-14T23:28:24+08:00 ] ERR: (ThinkException) 无法加载模块inc
[ 2014-09-14T23:29:14+08:00 ] ERR: (ThinkException) 无法加载模块inc
[ 2014-09-14T23:29:14+08:00 ] ERR: (ThinkException) 无法加载模块inc
[ 2014-09-14T23:30:04+08:00 ] ERR: (ThinkException) 无法加载模块inc
[ 2014-09-14T23:30:04+08:00 ] ERR: (ThinkException) 无法加载模块inc
[ 2014-09-14T23:30:54+08:00 ] ERR: (ThinkException) 无法加载模块inc
[ 2014-09-14T23:30:54+08:00 ] ERR: (ThinkException) 无法加载模块inc
[ 2014-09-14T23:31:44+08:00 ] ERR: (ThinkException) 无法加载模块inc
[ 2014-09-14T23:31:44+08:00 ] ERR: (ThinkException) 无法加载模块inc
[ 2014-09-14T23:32:34+08:00 ] ERR: (ThinkException) 无法加载模块inc
[ 2014-09-14T23:32:34+08:00 ] ERR: (ThinkException) 无法加载模块inc
[ 2014-09-14T23:33:14+08:00 ] ERR: (ThinkException) 无法加载模块inc
[ 2014-09-14T23:33:24+08:00 ] ERR: (ThinkException) 无法加载模块inc
[ 2014-09-14T23:33:24+08:00 ] ERR: (ThinkException) 无法加载模块inc
[ 2014-09-14T23:34:14+08:00 ] ERR: (ThinkException) 无法加载模块inc
[ 2014-09-14T23:34:15+08:00 ] ERR: (ThinkException) 无法加载模块inc
[ 2014-09-14T23:35:05+08:00 ] ERR: (ThinkException) 无法加载模块inc
[ 2014-09-14T23:35:05+08:00 ] ERR: (ThinkException) 无法加载模块inc
[ 2014-09-14T23:35:55+08:00 ] ERR: (ThinkException) 无法加载模块inc
[ 2014-09-14T23:35:55+08:00 ] ERR: (ThinkException) 无法加载模块inc
[ 2014-09-14T23:36:45+08:00 ] ERR: (ThinkException) 无法加载模块inc
[ 2014-09-14T23:36:45+08:00 ] ERR: (ThinkException) 无法加载模块inc
[ 2014-09-14T23:37:35+08:00 ] ERR: (ThinkException) 无法加载模块inc
[ 2014-09-14T23:37:35+08:00 ] ERR: (ThinkException) 无法加载模块inc
[ 2014-09-14T23:38:12+08:00 ] ERR: (ThinkException) 非法操作js
[ 2014-09-14T23:38:12+08:00 ] ERR: (ThinkException) 非法操作js
[ 2014-09-14T23:38:12+08:00 ] ERR: (ThinkException) 非法操作js
[ 2014-09-14T23:38:12+08:00 ] ERR: (ThinkException) 非法操作js
[ 2014-09-14T23:38:16+08:00 ] ERR: (ThinkException) 非法操作js
[ 2014-09-14T23:38:26+08:00 ] ERR: (ThinkException) 无法加载模块inc
[ 2014-09-14T23:38:26+08:00 ] ERR: (ThinkException) 无法加载模块inc
[ 2014-09-14T23:38:26+08:00 ] ERR: (ThinkException) 非法操作js
[ 2014-09-14T23:38:26+08:00 ] ERR: (ThinkException) 非法操作js
[ 2014-09-14T23:38:26+08:00 ] ERR: (ThinkException) 非法操作js
[ 2014-09-14T23:38:26+08:00 ] ERR: (ThinkException) 非法操作js
[ 2014-09-14T23:38:31+08:00 ] ERR: (ThinkException) 非法操作js
[ 2014-09-14T23:38:34+08:00 ] ERR: (ThinkException) 非法操作js
[ 2014-09-14T23:38:34+08:00 ] ERR: (ThinkException) 非法操作js
[ 2014-09-14T23:38:34+08:00 ] ERR: (ThinkException) 非法操作js
[ 2014-09-14T23:38:34+08:00 ] ERR: (ThinkException) 非法操作js
[ 2014-09-14T23:38:42+08:00 ] ERR: (ThinkException) 非法操作js
[ 2014-09-14T23:38:42+08:00 ] ERR: (ThinkException) 非法操作js
[ 2014-09-14T23:38:42+08:00 ] ERR: (ThinkException) 非法操作js
[ 2014-09-14T23:38:42+08:00 ] ERR: (ThinkException) 非法操作js
[ 2014-09-14T23:38:46+08:00 ] ERR: (ThinkException) 非法操作js
[ 2014-09-14T23:38:46+08:00 ] ERR: (ThinkException) 非法操作js
[ 2014-09-14T23:38:46+08:00 ] ERR: (ThinkException) 非法操作js
[ 2014-09-14T23:38:46+08:00 ] ERR: (ThinkException) 非法操作js
[ 2014-09-14T23:38:50+08:00 ] ERR: (ThinkException) 非法操作js
[ 2014-09-14T23:38:50+08:00 ] ERR: (ThinkException) 非法操作js
[ 2014-09-14T23:38:50+08:00 ] ERR: (ThinkException) 非法操作js
[ 2014-09-14T23:38:50+08:00 ] ERR: (ThinkException) 非法操作js
[ 2014-09-14T23:38:57+08:00 ] ERR: (ThinkException) 非法操作js
[ 2014-09-14T23:39:02+08:00 ] ERR: (ThinkException) 非法操作js
[ 2014-09-14T23:39:02+08:00 ] ERR: (ThinkException) 非法操作js
[ 2014-09-14T23:39:02+08:00 ] ERR: (ThinkException) 非法操作js
[ 2014-09-14T23:39:02+08:00 ] ERR: (ThinkException) 非法操作js
[ 2014-09-14T23:39:06+08:00 ] ERR: (ThinkException) 非法操作js
[ 2014-09-14T23:39:11+08:00 ] ERR: (ThinkException) 非法操作js
[ 2014-09-14T23:39:15+08:00 ] ERR: (ThinkException) 无法加载模块inc
[ 2014-09-14T23:39:15+08:00 ] ERR: (ThinkException) 无法加载模块inc
[ 2014-09-14T23:39:25+08:00 ] ERR: (ThinkException) 非法操作js
[ 2014-09-14T23:39:25+08:00 ] ERR: (ThinkException) 非法操作js
[ 2014-09-14T23:39:25+08:00 ] ERR: (ThinkException) 非法操作js
[ 2014-09-14T23:39:25+08:00 ] ERR: (ThinkException) 非法操作js
[ 2014-09-14T23:39:30+08:00 ] ERR: (ThinkException) 非法操作js
[ 2014-09-14T23:39:30+08:00 ] ERR: (ThinkException) 无法加载模块Uploads
[ 2014-09-14T23:39:31+08:00 ] ERR: (ThinkException) 无法加载模块Uploads
[ 2014-09-14T23:39:38+08:00 ] ERR: (ThinkException) 非法操作js
[ 2014-09-14T23:39:38+08:00 ] ERR: (ThinkException) 非法操作js
[ 2014-09-14T23:39:38+08:00 ] ERR: (ThinkException) 非法操作js
[ 2014-09-14T23:39:38+08:00 ] ERR: (ThinkException) 非法操作js
[ 2014-09-14T23:39:44+08:00 ] ERR: (ThinkException) 非法操作js
[ 2014-09-14T23:40:05+08:00 ] ERR: (ThinkException) 无法加载模块inc
[ 2014-09-14T23:40:05+08:00 ] ERR: (ThinkException) 无法加载模块inc
[ 2014-09-14T23:40:55+08:00 ] ERR: (ThinkException) 无法加载模块inc
[ 2014-09-14T23:40:55+08:00 ] ERR: (ThinkException) 无法加载模块inc
[ 2014-09-14T23:41:45+08:00 ] ERR: (ThinkException) 无法加载模块inc
[ 2014-09-14T23:41:45+08:00 ] ERR: (ThinkException) 无法加载模块inc
[ 2014-09-14T23:42:35+08:00 ] ERR: (ThinkException) 无法加载模块inc
[ 2014-09-14T23:42:35+08:00 ] ERR: (ThinkException) 无法加载模块inc
[ 2014-09-14T23:43:14+08:00 ] ERR: (ThinkException) 无法加载模块inc
[ 2014-09-14T23:43:25+08:00 ] ERR: (ThinkException) 无法加载模块inc
[ 2014-09-14T23:43:25+08:00 ] ERR: (ThinkException) 无法加载模块inc
[ 2014-09-14T23:44:15+08:00 ] ERR: (ThinkException) 无法加载模块inc
[ 2014-09-14T23:44:15+08:00 ] ERR: (ThinkException) 无法加载模块inc
[ 2014-09-14T23:45:05+08:00 ] ERR: (ThinkException) 无法加载模块inc
[ 2014-09-14T23:45:05+08:00 ] ERR: (ThinkException) 无法加载模块inc
[ 2014-09-14T23:45:55+08:00 ] ERR: (ThinkException) 无法加载模块inc
[ 2014-09-14T23:45:55+08:00 ] ERR: (ThinkException) 无法加载模块inc
[ 2014-09-14T23:46:16+08:00 ] ERR: (ThinkException) 非法操作js
[ 2014-09-14T23:46:16+08:00 ] ERR: (ThinkException) 非法操作js
[ 2014-09-14T23:46:16+08:00 ] ERR: (ThinkException) 非法操作js
[ 2014-09-14T23:46:16+08:00 ] ERR: (ThinkException) 非法操作js
[ 2014-09-14T23:46:20+08:00 ] ERR: (ThinkException) 非法操作js
[ 2014-09-14T23:46:23+08:00 ] ERR: (ThinkException) 非法操作js
[ 2014-09-14T23:46:45+08:00 ] ERR: (ThinkException) 无法加载模块inc
[ 2014-09-14T23:46:45+08:00 ] ERR: (ThinkException) 无法加载模块inc
[ 2014-09-14T23:47:25+08:00 ] ERR: (ThinkException) 非法操作js
[ 2014-09-14T23:47:27+08:00 ] ERR: (ThinkException) 非法操作js
[ 2014-09-14T23:47:35+08:00 ] ERR: (ThinkException) 无法加载模块inc
[ 2014-09-14T23:47:35+08:00 ] ERR: (ThinkException) 无法加载模块inc
[ 2014-09-14T23:47:37+08:00 ] ERR: (ThinkException) 非法操作js
[ 2014-09-14T23:47:41+08:00 ] ERR: (ThinkException) 非法操作js
[ 2014-09-14T23:48:25+08:00 ] ERR: (ThinkException) 无法加载模块inc
[ 2014-09-14T23:48:25+08:00 ] ERR: (ThinkException) 无法加载模块inc
[ 2014-09-14T23:48:25+08:00 ] ERR: (ThinkException) 非法操作js
[ 2014-09-14T23:48:27+08:00 ] ERR: (ThinkException) 非法操作js
[ 2014-09-14T23:49:15+08:00 ] ERR: (ThinkException) 无法加载模块inc
[ 2014-09-14T23:49:15+08:00 ] ERR: (ThinkException) 无法加载模块inc
[ 2014-09-14T23:50:05+08:00 ] ERR: (ThinkException) 无法加载模块inc
[ 2014-09-14T23:50:05+08:00 ] ERR: (ThinkException) 无法加载模块inc
[ 2014-09-14T23:50:55+08:00 ] ERR: (ThinkException) 无法加载模块inc
[ 2014-09-14T23:50:56+08:00 ] ERR: (ThinkException) 无法加载模块inc
[ 2014-09-14T23:51:46+08:00 ] ERR: (ThinkException) 无法加载模块inc
[ 2014-09-14T23:51:46+08:00 ] ERR: (ThinkException) 无法加载模块inc
[ 2014-09-14T23:52:36+08:00 ] ERR: (ThinkException) 无法加载模块inc
[ 2014-09-14T23:52:36+08:00 ] ERR: (ThinkException) 无法加载模块inc
[ 2014-09-14T23:53:14+08:00 ] ERR: (ThinkException) 无法加载模块inc
[ 2014-09-14T23:53:26+08:00 ] ERR: (ThinkException) 无法加载模块inc
[ 2014-09-14T23:53:26+08:00 ] ERR: (ThinkException) 无法加载模块inc
[ 2014-09-14T23:54:16+08:00 ] ERR: (ThinkException) 无法加载模块inc
[ 2014-09-14T23:54:16+08:00 ] ERR: (ThinkException) 无法加载模块inc
[ 2014-09-14T23:55:06+08:00 ] ERR: (ThinkException) 无法加载模块inc
[ 2014-09-14T23:55:06+08:00 ] ERR: (ThinkException) 无法加载模块inc
[ 2014-09-14T23:55:29+08:00 ] ERR: (ThinkException) 非法操作js
[ 2014-09-14T23:55:32+08:00 ] ERR: (ThinkException) 非法操作js
[ 2014-09-14T23:55:56+08:00 ] ERR: (ThinkException) 无法加载模块inc
[ 2014-09-14T23:55:56+08:00 ] ERR: (ThinkException) 无法加载模块inc
[ 2014-09-14T23:56:18+08:00 ] ERR: (ThinkException) 非法操作js
[ 2014-09-14T23:56:28+08:00 ] ERR: (ThinkException) 非法操作js
[ 2014-09-14T23:56:30+08:00 ] ERR: (ThinkException) 非法操作js
[ 2014-09-14T23:56:32+08:00 ] ERR: (ThinkException) 非法操作js
[ 2014-09-14T23:56:37+08:00 ] ERR: (ThinkException) 非法操作js
[ 2014-09-14T23:56:46+08:00 ] ERR: (ThinkException) 无法加载模块inc
[ 2014-09-14T23:56:46+08:00 ] ERR: (ThinkException) 无法加载模块inc
[ 2014-09-14T23:56:52+08:00 ] ERR: (ThinkException) 非法操作js
[ 2014-09-14T23:57:36+08:00 ] ERR: (ThinkException) 无法加载模块inc
[ 2014-09-14T23:57:36+08:00 ] ERR: (ThinkException) 无法加载模块inc
[ 2014-09-14T23:58:26+08:00 ] ERR: (ThinkException) 无法加载模块inc
[ 2014-09-14T23:58:26+08:00 ] ERR: (ThinkException) 无法加载模块inc
[ 2014-09-14T23:59:16+08:00 ] ERR: (ThinkException) 无法加载模块inc
[ 2014-09-14T23:59:16+08:00 ] ERR: (ThinkException) 无法加载模块inc
